2025-02-12 14:44:15,622 CRIT Supervisor is running as root.  Privileges were not dropped because no user is specified in the config file.  If you intend to run as root, you can set user=root in the config file to avoid this message.
2025-02-12 14:44:15,624 INFO supervisord started with pid 1
2025-02-12 14:44:16,625 INFO spawned: 'laravel-worker_00' with pid 7
2025-02-12 14:44:16,626 INFO spawned: 'laravel-worker_01' with pid 8
2025-02-12 14:44:16,628 INFO spawned: 'laravel-worker_02' with pid 9
2025-02-12 14:44:16,629 INFO spawned: 'laravel-worker_03' with pid 10
2025-02-12 14:44:16,631 INFO spawned: 'php-fpm' with pid 11
2025-02-12 14:44:17,423 WARN exited: laravel-worker_02 (exit status 1; not expected)
2025-02-12 14:44:17,423 WARN exited: laravel-worker_03 (exit status 1; not expected)
2025-02-12 14:44:17,424 WARN exited: laravel-worker_00 (exit status 1; not expected)
2025-02-12 14:44:17,424 WARN exited: laravel-worker_01 (exit status 1; not expected)
2025-02-12 14:44:18,427 INFO spawned: 'laravel-worker_00' with pid 30
2025-02-12 14:44:18,428 INFO spawned: 'laravel-worker_01' with pid 31
2025-02-12 14:44:18,430 INFO spawned: 'laravel-worker_02' with pid 32
2025-02-12 14:44:18,432 INFO spawned: 'laravel-worker_03' with pid 33
2025-02-12 14:44:18,432 INFO success: php-fpm entered RUNNING state, process has stayed up for > than 1 seconds (startsecs)
2025-02-12 14:44:18,833 WARN exited: laravel-worker_00 (exit status 1; not expected)
2025-02-12 14:44:18,834 WARN exited: laravel-worker_01 (exit status 1; not expected)
2025-02-12 14:44:18,835 WARN exited: laravel-worker_02 (exit status 1; not expected)
2025-02-12 14:44:18,835 WARN exited: laravel-worker_03 (exit status 1; not expected)
2025-02-12 14:44:20,843 INFO spawned: 'laravel-worker_00' with pid 50
2025-02-12 14:44:20,845 INFO spawned: 'laravel-worker_01' with pid 51
2025-02-12 14:44:20,847 INFO spawned: 'laravel-worker_02' with pid 52
2025-02-12 14:44:20,849 INFO spawned: 'laravel-worker_03' with pid 53
2025-02-12 14:44:21,305 WARN exited: laravel-worker_00 (exit status 1; not expected)
2025-02-12 14:44:21,308 WARN exited: laravel-worker_02 (exit status 1; not expected)
2025-02-12 14:44:21,309 WARN exited: laravel-worker_01 (exit status 1; not expected)
2025-02-12 14:44:21,318 WARN exited: laravel-worker_03 (exit status 1; not expected)
2025-02-12 14:44:24,328 INFO spawned: 'laravel-worker_00' with pid 70
2025-02-12 14:44:24,331 INFO spawned: 'laravel-worker_01' with pid 71
2025-02-12 14:44:24,333 INFO spawned: 'laravel-worker_02' with pid 72
2025-02-12 14:44:24,335 INFO spawned: 'laravel-worker_03' with pid 73
2025-02-12 14:44:24,773 WARN exited: laravel-worker_01 (exit status 1; not expected)
2025-02-12 14:44:24,774 INFO gave up: laravel-worker_01 entered FATAL state, too many start retries too quickly
2025-02-12 14:44:24,775 WARN exited: laravel-worker_00 (exit status 1; not expected)
2025-02-12 14:44:24,777 INFO gave up: laravel-worker_00 entered FATAL state, too many start retries too quickly
2025-02-12 14:44:24,778 WARN exited: laravel-worker_02 (exit status 1; not expected)
2025-02-12 14:44:24,784 INFO gave up: laravel-worker_02 entered FATAL state, too many start retries too quickly
2025-02-12 14:44:24,789 WARN exited: laravel-worker_03 (exit status 1; not expected)
2025-02-12 14:44:25,791 INFO gave up: laravel-worker_03 entered FATAL state, too many start retries too quickly
2025-02-12 14:51:57,987 WARN received SIGQUIT indicating exit request
2025-02-12 14:51:57,990 INFO waiting for php-fpm to die
2025-02-12 14:51:59,015 INFO stopped: php-fpm (exit status 0)
2025-02-12 14:52:05,799 CRIT Supervisor is running as root.  Privileges were not dropped because no user is specified in the config file.  If you intend to run as root, you can set user=root in the config file to avoid this message.
2025-02-12 14:52:05,801 INFO supervisord started with pid 1
2025-02-12 14:52:06,802 INFO spawned: 'laravel-worker_00' with pid 7
2025-02-12 14:52:06,805 INFO spawned: 'laravel-worker_01' with pid 8
2025-02-12 14:52:06,806 INFO spawned: 'laravel-worker_02' with pid 9
2025-02-12 14:52:06,808 INFO spawned: 'laravel-worker_03' with pid 10
2025-02-12 14:52:06,809 INFO spawned: 'php-fpm' with pid 11
2025-02-12 14:52:07,673 WARN exited: laravel-worker_00 (exit status 1; not expected)
2025-02-12 14:52:07,674 WARN exited: laravel-worker_01 (exit status 1; not expected)
2025-02-12 14:52:07,675 WARN exited: laravel-worker_02 (exit status 1; not expected)
2025-02-12 14:52:07,678 WARN exited: laravel-worker_03 (exit status 1; not expected)
2025-02-12 14:52:08,682 INFO spawned: 'laravel-worker_00' with pid 30
2025-02-12 14:52:08,684 INFO spawned: 'laravel-worker_01' with pid 31
2025-02-12 14:52:08,685 INFO spawned: 'laravel-worker_02' with pid 32
2025-02-12 14:52:08,687 INFO spawned: 'laravel-worker_03' with pid 33
2025-02-12 14:52:08,688 INFO success: php-fpm entered RUNNING state, process has stayed up for > than 1 seconds (startsecs)
2025-02-12 14:52:09,100 WARN exited: laravel-worker_00 (exit status 1; not expected)
2025-02-12 14:52:09,100 WARN exited: laravel-worker_01 (exit status 1; not expected)
2025-02-12 14:52:09,104 WARN exited: laravel-worker_02 (exit status 1; not expected)
2025-02-12 14:52:09,104 WARN exited: laravel-worker_03 (exit status 1; not expected)
2025-02-12 14:52:11,110 INFO spawned: 'laravel-worker_00' with pid 50
2025-02-12 14:52:11,112 INFO spawned: 'laravel-worker_01' with pid 51
2025-02-12 14:52:11,114 INFO spawned: 'laravel-worker_02' with pid 52
2025-02-12 14:52:11,115 INFO spawned: 'laravel-worker_03' with pid 53
2025-02-12 14:52:11,536 WARN exited: laravel-worker_00 (exit status 1; not expected)
2025-02-12 14:52:11,539 WARN exited: laravel-worker_02 (exit status 1; not expected)
2025-02-12 14:52:11,543 WARN exited: laravel-worker_03 (exit status 1; not expected)
2025-02-12 14:52:11,543 WARN exited: laravel-worker_01 (exit status 1; not expected)
2025-02-12 14:52:14,551 INFO spawned: 'laravel-worker_00' with pid 70
2025-02-12 14:52:14,552 INFO spawned: 'laravel-worker_01' with pid 71
2025-02-12 14:52:14,554 INFO spawned: 'laravel-worker_02' with pid 72
2025-02-12 14:52:14,556 INFO spawned: 'laravel-worker_03' with pid 73
2025-02-12 14:52:14,990 WARN exited: laravel-worker_00 (exit status 1; not expected)
2025-02-12 14:52:14,990 WARN exited: laravel-worker_01 (exit status 1; not expected)
2025-02-12 14:52:14,991 WARN exited: laravel-worker_02 (exit status 1; not expected)
2025-02-12 14:52:14,991 INFO gave up: laravel-worker_00 entered FATAL state, too many start retries too quickly
2025-02-12 14:52:14,991 INFO gave up: laravel-worker_01 entered FATAL state, too many start retries too quickly
2025-02-12 14:52:14,991 INFO gave up: laravel-worker_02 entered FATAL state, too many start retries too quickly
2025-02-12 14:52:14,993 WARN exited: laravel-worker_03 (exit status 1; not expected)
2025-02-12 14:52:15,993 INFO gave up: laravel-worker_03 entered FATAL state, too many start retries too quickly
2025-02-12 15:32:52,285 WARN received SIGQUIT indicating exit request
2025-02-12 15:32:52,289 INFO waiting for php-fpm to die
2025-02-12 15:32:53,317 INFO stopped: php-fpm (exit status 0)
2025-02-12 15:37:48,351 CRIT Supervisor is running as root.  Privileges were not dropped because no user is specified in the config file.  If you intend to run as root, you can set user=root in the config file to avoid this message.
2025-02-12 15:37:48,353 INFO supervisord started with pid 1
2025-02-12 15:37:49,356 INFO spawned: 'laravel-worker_00' with pid 7
2025-02-12 15:37:49,358 INFO spawned: 'laravel-worker_01' with pid 8
2025-02-12 15:37:49,361 INFO spawned: 'laravel-worker_02' with pid 9
2025-02-12 15:37:49,364 INFO spawned: 'laravel-worker_03' with pid 10
2025-02-12 15:37:49,366 INFO spawned: 'php-fpm' with pid 11
2025-02-12 15:37:50,187 WARN exited: laravel-worker_02 (exit status 1; not expected)
2025-02-12 15:37:50,188 WARN exited: laravel-worker_00 (exit status 1; not expected)
2025-02-12 15:37:50,189 WARN exited: laravel-worker_01 (exit status 1; not expected)
2025-02-12 15:37:50,190 WARN exited: laravel-worker_03 (exit status 1; not expected)
2025-02-12 15:37:51,193 INFO spawned: 'laravel-worker_00' with pid 30
2025-02-12 15:37:51,194 INFO spawned: 'laravel-worker_01' with pid 31
2025-02-12 15:37:51,196 INFO spawned: 'laravel-worker_02' with pid 32
2025-02-12 15:37:51,198 INFO spawned: 'laravel-worker_03' with pid 33
2025-02-12 15:37:51,199 INFO success: php-fpm entered RUNNING state, process has stayed up for > than 1 seconds (startsecs)
2025-02-12 15:37:51,629 WARN exited: laravel-worker_01 (exit status 1; not expected)
2025-02-12 15:37:51,632 WARN exited: laravel-worker_00 (exit status 1; not expected)
2025-02-12 15:37:51,632 WARN exited: laravel-worker_02 (exit status 1; not expected)
2025-02-12 15:37:51,650 WARN exited: laravel-worker_03 (exit status 1; not expected)
2025-02-12 15:37:53,656 INFO spawned: 'laravel-worker_00' with pid 50
2025-02-12 15:37:53,659 INFO spawned: 'laravel-worker_01' with pid 51
2025-02-12 15:37:53,662 INFO spawned: 'laravel-worker_02' with pid 52
2025-02-12 15:37:53,663 INFO spawned: 'laravel-worker_03' with pid 53
2025-02-12 15:37:54,081 WARN exited: laravel-worker_01 (exit status 1; not expected)
2025-02-12 15:37:54,082 WARN exited: laravel-worker_02 (exit status 1; not expected)
2025-02-12 15:37:54,084 WARN exited: laravel-worker_03 (exit status 1; not expected)
2025-02-12 15:37:54,098 WARN exited: laravel-worker_00 (exit status 1; not expected)
2025-02-12 15:37:57,106 INFO spawned: 'laravel-worker_00' with pid 70
2025-02-12 15:37:57,108 INFO spawned: 'laravel-worker_01' with pid 71
2025-02-12 15:37:57,110 INFO spawned: 'laravel-worker_02' with pid 72
2025-02-12 15:37:57,112 INFO spawned: 'laravel-worker_03' with pid 73
2025-02-12 15:37:57,545 WARN exited: laravel-worker_00 (exit status 1; not expected)
2025-02-12 15:37:57,546 INFO gave up: laravel-worker_00 entered FATAL state, too many start retries too quickly
2025-02-12 15:37:57,551 WARN exited: laravel-worker_01 (exit status 1; not expected)
2025-02-12 15:37:57,552 INFO gave up: laravel-worker_01 entered FATAL state, too many start retries too quickly
2025-02-12 15:37:57,552 WARN exited: laravel-worker_02 (exit status 1; not expected)
2025-02-12 15:37:57,552 INFO gave up: laravel-worker_02 entered FATAL state, too many start retries too quickly
2025-02-12 15:37:57,555 WARN exited: laravel-worker_03 (exit status 1; not expected)
2025-02-12 15:37:58,556 INFO gave up: laravel-worker_03 entered FATAL state, too many start retries too quickly
2025-02-12 15:47:11,187 WARN received SIGQUIT indicating exit request
2025-02-12 15:47:11,188 INFO waiting for php-fpm to die
2025-02-12 15:47:12,198 INFO stopped: php-fpm (exit status 0)
2025-02-12 15:47:19,637 CRIT Supervisor is running as root.  Privileges were not dropped because no user is specified in the config file.  If you intend to run as root, you can set user=root in the config file to avoid this message.
2025-02-12 15:47:19,640 INFO supervisord started with pid 1
2025-02-12 15:47:20,642 INFO spawned: 'laravel-worker_00' with pid 7
2025-02-12 15:47:20,644 INFO spawned: 'laravel-worker_01' with pid 8
2025-02-12 15:47:20,647 INFO spawned: 'laravel-worker_02' with pid 9
2025-02-12 15:47:20,649 INFO spawned: 'laravel-worker_03' with pid 10
2025-02-12 15:47:20,653 INFO spawned: 'php-fpm' with pid 11
2025-02-12 15:47:21,383 WARN exited: laravel-worker_00 (exit status 1; not expected)
2025-02-12 15:47:21,384 WARN exited: laravel-worker_01 (exit status 1; not expected)
2025-02-12 15:47:21,384 WARN exited: laravel-worker_02 (exit status 1; not expected)
2025-02-12 15:47:21,386 WARN exited: laravel-worker_03 (exit status 1; not expected)
2025-02-12 15:47:22,389 INFO spawned: 'laravel-worker_00' with pid 30
2025-02-12 15:47:22,390 INFO spawned: 'laravel-worker_01' with pid 31
2025-02-12 15:47:22,391 INFO spawned: 'laravel-worker_02' with pid 32
2025-02-12 15:47:22,392 INFO spawned: 'laravel-worker_03' with pid 33
2025-02-12 15:47:22,392 INFO success: php-fpm entered RUNNING state, process has stayed up for > than 1 seconds (startsecs)
2025-02-12 15:47:22,815 WARN exited: laravel-worker_00 (exit status 1; not expected)
2025-02-12 15:47:22,819 WARN exited: laravel-worker_01 (exit status 1; not expected)
2025-02-12 15:47:22,819 WARN exited: laravel-worker_03 (exit status 1; not expected)
2025-02-12 15:47:22,819 WARN exited: laravel-worker_02 (exit status 1; not expected)
2025-02-12 15:47:24,826 INFO spawned: 'laravel-worker_00' with pid 50
2025-02-12 15:47:24,827 INFO spawned: 'laravel-worker_01' with pid 51
2025-02-12 15:47:24,829 INFO spawned: 'laravel-worker_02' with pid 52
2025-02-12 15:47:24,831 INFO spawned: 'laravel-worker_03' with pid 53
2025-02-12 15:47:25,247 WARN exited: laravel-worker_00 (exit status 1; not expected)
2025-02-12 15:47:25,247 WARN exited: laravel-worker_03 (exit status 1; not expected)
2025-02-12 15:47:25,248 WARN exited: laravel-worker_01 (exit status 1; not expected)
2025-02-12 15:47:25,252 WARN exited: laravel-worker_02 (exit status 1; not expected)
2025-02-12 15:47:28,260 INFO spawned: 'laravel-worker_00' with pid 70
2025-02-12 15:47:28,262 INFO spawned: 'laravel-worker_01' with pid 71
2025-02-12 15:47:28,266 INFO spawned: 'laravel-worker_02' with pid 72
2025-02-12 15:47:28,268 INFO spawned: 'laravel-worker_03' with pid 73
2025-02-12 15:47:28,694 WARN exited: laravel-worker_00 (exit status 1; not expected)
2025-02-12 15:47:28,695 INFO gave up: laravel-worker_00 entered FATAL state, too many start retries too quickly
2025-02-12 15:47:28,695 WARN exited: laravel-worker_01 (exit status 1; not expected)
2025-02-12 15:47:28,696 WARN exited: laravel-worker_02 (exit status 1; not expected)
2025-02-12 15:47:28,696 INFO gave up: laravel-worker_01 entered FATAL state, too many start retries too quickly
2025-02-12 15:47:28,696 INFO gave up: laravel-worker_02 entered FATAL state, too many start retries too quickly
2025-02-12 15:47:28,699 WARN exited: laravel-worker_03 (exit status 1; not expected)
2025-02-12 15:47:29,707 INFO gave up: laravel-worker_03 entered FATAL state, too many start retries too quickly
2025-02-12 15:59:01,776 WARN received SIGQUIT indicating exit request
2025-02-12 15:59:01,780 INFO waiting for php-fpm to die
2025-02-12 15:59:02,791 INFO stopped: php-fpm (exit status 0)
2025-02-12 15:59:06,687 CRIT Supervisor is running as root.  Privileges were not dropped because no user is specified in the config file.  If you intend to run as root, you can set user=root in the config file to avoid this message.
2025-02-12 15:59:06,689 INFO supervisord started with pid 1
2025-02-12 15:59:07,692 INFO spawned: 'laravel-worker_00' with pid 7
2025-02-12 15:59:07,694 INFO spawned: 'laravel-worker_01' with pid 8
2025-02-12 15:59:07,696 INFO spawned: 'laravel-worker_02' with pid 9
2025-02-12 15:59:07,698 INFO spawned: 'laravel-worker_03' with pid 10
2025-02-12 15:59:07,699 INFO spawned: 'php-fpm' with pid 11
2025-02-12 15:59:08,430 WARN exited: laravel-worker_00 (exit status 1; not expected)
2025-02-12 15:59:08,430 WARN exited: laravel-worker_02 (exit status 1; not expected)
2025-02-12 15:59:08,430 WARN exited: laravel-worker_03 (exit status 1; not expected)
2025-02-12 15:59:08,432 WARN exited: laravel-worker_01 (exit status 1; not expected)
2025-02-12 15:59:09,435 INFO spawned: 'laravel-worker_00' with pid 30
2025-02-12 15:59:09,435 INFO spawned: 'laravel-worker_01' with pid 31
2025-02-12 15:59:09,436 INFO spawned: 'laravel-worker_02' with pid 32
2025-02-12 15:59:09,437 INFO spawned: 'laravel-worker_03' with pid 33
2025-02-12 15:59:09,437 INFO success: php-fpm entered RUNNING state, process has stayed up for > than 1 seconds (startsecs)
2025-02-12 15:59:09,920 WARN exited: laravel-worker_01 (exit status 1; not expected)
2025-02-12 15:59:09,922 WARN exited: laravel-worker_03 (exit status 1; not expected)
2025-02-12 15:59:09,922 WARN exited: laravel-worker_00 (exit status 1; not expected)
2025-02-12 15:59:09,922 WARN exited: laravel-worker_02 (exit status 1; not expected)
2025-02-12 15:59:11,930 INFO spawned: 'laravel-worker_00' with pid 50
2025-02-12 15:59:11,933 INFO spawned: 'laravel-worker_01' with pid 51
2025-02-12 15:59:11,934 INFO spawned: 'laravel-worker_02' with pid 52
2025-02-12 15:59:11,935 INFO spawned: 'laravel-worker_03' with pid 53
2025-02-12 15:59:12,362 WARN exited: laravel-worker_00 (exit status 1; not expected)
2025-02-12 15:59:12,363 WARN exited: laravel-worker_03 (exit status 1; not expected)
2025-02-12 15:59:12,366 WARN exited: laravel-worker_02 (exit status 1; not expected)
2025-02-12 15:59:12,368 WARN exited: laravel-worker_01 (exit status 1; not expected)
2025-02-12 15:59:15,376 INFO spawned: 'laravel-worker_00' with pid 70
2025-02-12 15:59:15,378 INFO spawned: 'laravel-worker_01' with pid 71
2025-02-12 15:59:15,380 INFO spawned: 'laravel-worker_02' with pid 72
2025-02-12 15:59:15,382 INFO spawned: 'laravel-worker_03' with pid 73
2025-02-12 15:59:15,798 WARN exited: laravel-worker_03 (exit status 1; not expected)
2025-02-12 15:59:15,799 INFO gave up: laravel-worker_03 entered FATAL state, too many start retries too quickly
2025-02-12 15:59:15,799 WARN exited: laravel-worker_00 (exit status 1; not expected)
2025-02-12 15:59:15,799 INFO gave up: laravel-worker_00 entered FATAL state, too many start retries too quickly
2025-02-12 15:59:15,802 WARN exited: laravel-worker_02 (exit status 1; not expected)
2025-02-12 15:59:15,802 INFO gave up: laravel-worker_02 entered FATAL state, too many start retries too quickly
2025-02-12 15:59:15,802 WARN exited: laravel-worker_01 (exit status 1; not expected)
2025-02-12 15:59:16,807 INFO gave up: laravel-worker_01 entered FATAL state, too many start retries too quickly
2025-02-12 16:13:59,397 WARN received SIGQUIT indicating exit request
2025-02-12 16:13:59,400 INFO waiting for php-fpm to die
2025-02-12 16:13:59,409 INFO stopped: php-fpm (exit status 0)
2025-02-12 16:14:03,448 CRIT Supervisor is running as root.  Privileges were not dropped because no user is specified in the config file.  If you intend to run as root, you can set user=root in the config file to avoid this message.
2025-02-12 16:14:03,450 INFO supervisord started with pid 1
2025-02-12 16:14:04,453 INFO spawned: 'laravel-worker_00' with pid 7
2025-02-12 16:14:04,455 INFO spawned: 'laravel-worker_01' with pid 8
2025-02-12 16:14:04,457 INFO spawned: 'laravel-worker_02' with pid 9
2025-02-12 16:14:04,458 INFO spawned: 'laravel-worker_03' with pid 10
2025-02-12 16:14:04,461 INFO spawned: 'php-fpm' with pid 11
2025-02-12 16:14:05,145 WARN exited: laravel-worker_03 (exit status 1; not expected)
2025-02-12 16:14:05,145 WARN exited: laravel-worker_02 (exit status 1; not expected)
2025-02-12 16:14:05,147 WARN exited: laravel-worker_01 (exit status 1; not expected)
2025-02-12 16:14:05,148 WARN exited: laravel-worker_00 (exit status 1; not expected)
2025-02-12 16:14:06,155 INFO spawned: 'laravel-worker_00' with pid 30
2025-02-12 16:14:06,158 INFO spawned: 'laravel-worker_01' with pid 31
2025-02-12 16:14:06,161 INFO spawned: 'laravel-worker_02' with pid 32
2025-02-12 16:14:06,163 INFO spawned: 'laravel-worker_03' with pid 33
2025-02-12 16:14:06,164 INFO success: php-fpm entered RUNNING state, process has stayed up for > than 1 seconds (startsecs)
2025-02-12 16:14:06,512 WARN exited: laravel-worker_03 (exit status 1; not expected)
2025-02-12 16:14:06,512 WARN exited: laravel-worker_02 (exit status 1; not expected)
2025-02-12 16:14:06,516 WARN exited: laravel-worker_00 (exit status 1; not expected)
2025-02-12 16:14:06,516 WARN exited: laravel-worker_01 (exit status 1; not expected)
2025-02-12 16:14:08,524 INFO spawned: 'laravel-worker_00' with pid 50
2025-02-12 16:14:08,527 INFO spawned: 'laravel-worker_01' with pid 51
2025-02-12 16:14:08,529 INFO spawned: 'laravel-worker_02' with pid 52
2025-02-12 16:14:08,530 INFO spawned: 'laravel-worker_03' with pid 53
2025-02-12 16:14:08,861 WARN exited: laravel-worker_00 (exit status 1; not expected)
2025-02-12 16:14:08,863 WARN exited: laravel-worker_01 (exit status 1; not expected)
2025-02-12 16:14:08,864 WARN exited: laravel-worker_02 (exit status 1; not expected)
2025-02-12 16:14:08,865 WARN exited: laravel-worker_03 (exit status 1; not expected)
2025-02-12 16:14:11,878 INFO spawned: 'laravel-worker_00' with pid 70
2025-02-12 16:14:11,883 INFO spawned: 'laravel-worker_01' with pid 71
2025-02-12 16:14:11,885 INFO spawned: 'laravel-worker_02' with pid 72
2025-02-12 16:14:11,888 INFO spawned: 'laravel-worker_03' with pid 73
2025-02-12 16:14:12,217 WARN exited: laravel-worker_00 (exit status 1; not expected)
2025-02-12 16:14:12,217 WARN exited: laravel-worker_01 (exit status 1; not expected)
2025-02-12 16:14:12,217 WARN exited: laravel-worker_03 (exit status 1; not expected)
2025-02-12 16:14:12,217 WARN exited: laravel-worker_02 (exit status 1; not expected)
2025-02-12 16:14:12,217 INFO gave up: laravel-worker_00 entered FATAL state, too many start retries too quickly
2025-02-12 16:14:12,217 INFO gave up: laravel-worker_01 entered FATAL state, too many start retries too quickly
2025-02-12 16:14:12,218 INFO gave up: laravel-worker_02 entered FATAL state, too many start retries too quickly
2025-02-12 16:14:12,218 INFO gave up: laravel-worker_03 entered FATAL state, too many start retries too quickly
2025-02-12 16:17:22,778 WARN received SIGQUIT indicating exit request
2025-02-12 16:17:22,783 INFO waiting for php-fpm to die
2025-02-12 16:17:23,821 INFO stopped: php-fpm (exit status 0)
2025-02-12 16:17:26,853 CRIT Supervisor is running as root.  Privileges were not dropped because no user is specified in the config file.  If you intend to run as root, you can set user=root in the config file to avoid this message.
2025-02-12 16:17:26,855 INFO supervisord started with pid 1
2025-02-12 16:17:27,856 INFO spawned: 'laravel-worker_00' with pid 7
2025-02-12 16:17:27,859 INFO spawned: 'laravel-worker_01' with pid 8
2025-02-12 16:17:27,861 INFO spawned: 'laravel-worker_02' with pid 9
2025-02-12 16:17:27,866 INFO spawned: 'laravel-worker_03' with pid 10
2025-02-12 16:17:27,871 INFO spawned: 'php-fpm' with pid 11
2025-02-12 16:17:28,530 WARN exited: laravel-worker_01 (exit status 1; not expected)
2025-02-12 16:17:28,532 WARN exited: laravel-worker_03 (exit status 1; not expected)
2025-02-12 16:17:28,532 WARN exited: laravel-worker_00 (exit status 1; not expected)
2025-02-12 16:17:28,533 WARN exited: laravel-worker_02 (exit status 1; not expected)
2025-02-12 16:17:29,540 INFO spawned: 'laravel-worker_00' with pid 30
2025-02-12 16:17:29,542 INFO spawned: 'laravel-worker_01' with pid 31
2025-02-12 16:17:29,545 INFO spawned: 'laravel-worker_02' with pid 32
2025-02-12 16:17:29,547 INFO spawned: 'laravel-worker_03' with pid 33
2025-02-12 16:17:29,548 INFO success: php-fpm entered RUNNING state, process has stayed up for > than 1 seconds (startsecs)
2025-02-12 16:17:29,939 WARN exited: laravel-worker_03 (exit status 1; not expected)
2025-02-12 16:17:29,942 WARN exited: laravel-worker_01 (exit status 1; not expected)
2025-02-12 16:17:29,945 WARN exited: laravel-worker_00 (exit status 1; not expected)
2025-02-12 16:17:30,954 INFO success: laravel-worker_02 entered RUNNING state, process has stayed up for > than 1 seconds (startsecs)
2025-02-12 16:17:30,960 WARN exited: laravel-worker_02 (exit status 1; not expected)
2025-02-12 16:17:31,969 INFO spawned: 'laravel-worker_00' with pid 50
2025-02-12 16:17:31,972 INFO spawned: 'laravel-worker_01' with pid 51
2025-02-12 16:17:31,974 INFO spawned: 'laravel-worker_02' with pid 52
2025-02-12 16:17:31,977 INFO spawned: 'laravel-worker_03' with pid 53
2025-02-12 16:17:32,308 WARN exited: laravel-worker_00 (exit status 1; not expected)
2025-02-12 16:17:32,308 WARN exited: laravel-worker_02 (exit status 1; not expected)
2025-02-12 16:17:32,308 WARN exited: laravel-worker_03 (exit status 1; not expected)
2025-02-12 16:17:33,312 INFO success: laravel-worker_01 entered RUNNING state, process has stayed up for > than 1 seconds (startsecs)
2025-02-12 16:17:33,317 INFO spawned: 'laravel-worker_02' with pid 70
2025-02-12 16:17:33,318 WARN exited: laravel-worker_01 (exit status 1; not expected)
2025-02-12 16:17:33,496 INFO spawned: 'laravel-worker_01' with pid 75
2025-02-12 16:17:33,652 WARN exited: laravel-worker_02 (exit status 1; not expected)
2025-02-12 16:17:34,663 INFO success: laravel-worker_01 entered RUNNING state, process has stayed up for > than 1 seconds (startsecs)
2025-02-12 16:17:34,665 WARN exited: laravel-worker_01 (exit status 1; not expected)
2025-02-12 16:17:35,673 INFO spawned: 'laravel-worker_00' with pid 80
2025-02-12 16:17:35,674 INFO spawned: 'laravel-worker_01' with pid 81
2025-02-12 16:17:35,675 INFO spawned: 'laravel-worker_02' with pid 82
2025-02-12 16:17:35,681 INFO spawned: 'laravel-worker_03' with pid 83
2025-02-12 16:17:36,064 WARN exited: laravel-worker_02 (exit status 1; not expected)
2025-02-12 16:17:36,064 WARN exited: laravel-worker_00 (exit status 1; not expected)
2025-02-12 16:17:36,065 INFO gave up: laravel-worker_00 entered FATAL state, too many start retries too quickly
2025-02-12 16:17:36,066 WARN exited: laravel-worker_01 (exit status 1; not expected)
2025-02-12 16:17:36,074 WARN exited: laravel-worker_03 (exit status 1; not expected)
2025-02-12 16:17:37,082 INFO spawned: 'laravel-worker_01' with pid 100
2025-02-12 16:17:37,084 INFO gave up: laravel-worker_03 entered FATAL state, too many start retries too quickly
2025-02-12 16:17:37,283 WARN exited: laravel-worker_01 (exit status 1; not expected)
2025-02-12 16:17:39,293 INFO spawned: 'laravel-worker_01' with pid 105
2025-02-12 16:17:39,297 INFO spawned: 'laravel-worker_02' with pid 106
2025-02-12 16:17:39,544 WARN exited: laravel-worker_01 (exit status 1; not expected)
2025-02-12 16:17:39,546 WARN exited: laravel-worker_02 (exit status 1; not expected)
2025-02-12 16:17:40,554 INFO gave up: laravel-worker_02 entered FATAL state, too many start retries too quickly
2025-02-12 16:17:42,564 INFO spawned: 'laravel-worker_01' with pid 115
2025-02-12 16:17:43,758 INFO success: laravel-worker_01 entered RUNNING state, process has stayed up for > than 1 seconds (startsecs)
2025-02-12 16:17:43,760 WARN exited: laravel-worker_01 (exit status 1; not expected)
2025-02-12 16:17:44,770 INFO spawned: 'laravel-worker_01' with pid 120
2025-02-12 16:17:45,963 INFO success: laravel-worker_01 entered RUNNING state, process has stayed up for > than 1 seconds (startsecs)
2025-02-12 16:17:45,965 WARN exited: laravel-worker_01 (exit status 1; not expected)
2025-02-12 16:17:46,971 INFO spawned: 'laravel-worker_01' with pid 125
2025-02-12 16:17:47,167 WARN exited: laravel-worker_01 (exit status 1; not expected)
2025-02-12 16:17:48,177 INFO spawned: 'laravel-worker_01' with pid 130
2025-02-12 16:17:49,371 INFO success: laravel-worker_01 entered RUNNING state, process has stayed up for > than 1 seconds (startsecs)
2025-02-12 16:17:49,372 WARN exited: laravel-worker_01 (exit status 1; not expected)
2025-02-12 16:17:50,379 INFO spawned: 'laravel-worker_01' with pid 135
2025-02-12 16:17:51,575 INFO success: laravel-worker_01 entered RUNNING state, process has stayed up for > than 1 seconds (startsecs)
2025-02-12 16:17:51,578 WARN exited: laravel-worker_01 (exit status 1; not expected)
2025-02-12 16:17:52,586 INFO spawned: 'laravel-worker_01' with pid 140
2025-02-12 16:17:52,783 WARN exited: laravel-worker_01 (exit status 1; not expected)
2025-02-12 16:17:53,790 INFO spawned: 'laravel-worker_01' with pid 145
2025-02-12 16:17:54,984 INFO success: laravel-worker_01 entered RUNNING state, process has stayed up for > than 1 seconds (startsecs)
2025-02-12 16:17:54,986 WARN exited: laravel-worker_01 (exit status 1; not expected)
2025-02-12 16:17:55,997 INFO spawned: 'laravel-worker_01' with pid 150
2025-02-12 16:17:56,211 WARN exited: laravel-worker_01 (exit status 1; not expected)
2025-02-12 16:17:57,220 INFO spawned: 'laravel-worker_01' with pid 155
2025-02-12 16:17:58,416 INFO success: laravel-worker_01 entered RUNNING state, process has stayed up for > than 1 seconds (startsecs)
2025-02-12 16:17:58,418 WARN exited: laravel-worker_01 (exit status 1; not expected)
2025-02-12 16:17:59,423 INFO spawned: 'laravel-worker_01' with pid 160
2025-02-12 16:18:00,611 INFO success: laravel-worker_01 entered RUNNING state, process has stayed up for > than 1 seconds (startsecs)
2025-02-12 16:18:00,613 WARN exited: laravel-worker_01 (exit status 1; not expected)
2025-02-12 16:18:01,620 INFO spawned: 'laravel-worker_01' with pid 165
2025-02-12 16:18:02,821 INFO success: laravel-worker_01 entered RUNNING state, process has stayed up for > than 1 seconds (startsecs)
2025-02-12 16:18:02,823 WARN exited: laravel-worker_01 (exit status 1; not expected)
2025-02-12 16:18:03,831 INFO spawned: 'laravel-worker_01' with pid 170
2025-02-12 16:18:05,032 INFO success: laravel-worker_01 entered RUNNING state, process has stayed up for > than 1 seconds (startsecs)
2025-02-12 16:18:05,033 WARN exited: laravel-worker_01 (exit status 1; not expected)
2025-02-12 16:18:06,037 INFO spawned: 'laravel-worker_01' with pid 175
2025-02-12 16:18:07,234 INFO success: laravel-worker_01 entered RUNNING state, process has stayed up for > than 1 seconds (startsecs)
2025-02-12 16:18:07,236 WARN exited: laravel-worker_01 (exit status 1; not expected)
2025-02-12 16:18:08,246 INFO spawned: 'laravel-worker_01' with pid 180
2025-02-12 16:18:09,440 INFO success: laravel-worker_01 entered RUNNING state, process has stayed up for > than 1 seconds (startsecs)
2025-02-12 16:18:09,441 WARN exited: laravel-worker_01 (exit status 1; not expected)
2025-02-12 16:18:10,449 INFO spawned: 'laravel-worker_01' with pid 185
2025-02-12 16:18:10,640 WARN exited: laravel-worker_01 (exit status 1; not expected)
2025-02-12 16:18:11,646 INFO spawned: 'laravel-worker_01' with pid 190
2025-02-12 16:18:12,840 INFO success: laravel-worker_01 entered RUNNING state, process has stayed up for > than 1 seconds (startsecs)
2025-02-12 16:18:12,841 WARN exited: laravel-worker_01 (exit status 1; not expected)
2025-02-12 16:18:13,849 INFO spawned: 'laravel-worker_01' with pid 195
2025-02-12 16:18:15,069 INFO success: laravel-worker_01 entered RUNNING state, process has stayed up for > than 1 seconds (startsecs)
2025-02-12 16:18:15,072 WARN exited: laravel-worker_01 (exit status 1; not expected)
2025-02-12 16:18:16,080 INFO spawned: 'laravel-worker_01' with pid 200
2025-02-12 16:18:17,269 INFO success: laravel-worker_01 entered RUNNING state, process has stayed up for > than 1 seconds (startsecs)
2025-02-12 16:18:17,271 WARN exited: laravel-worker_01 (exit status 1; not expected)
2025-02-12 16:18:18,278 INFO spawned: 'laravel-worker_01' with pid 205
2025-02-12 16:18:19,487 INFO success: laravel-worker_01 entered RUNNING state, process has stayed up for > than 1 seconds (startsecs)
2025-02-12 16:18:19,488 WARN exited: laravel-worker_01 (exit status 1; not expected)
2025-02-12 16:18:20,497 INFO spawned: 'laravel-worker_01' with pid 210
2025-02-12 16:18:20,686 WARN exited: laravel-worker_01 (exit status 1; not expected)
2025-02-12 16:18:21,697 INFO spawned: 'laravel-worker_01' with pid 215
2025-02-12 16:18:21,883 WARN exited: laravel-worker_01 (exit status 1; not expected)
2025-02-12 16:18:23,892 INFO spawned: 'laravel-worker_01' with pid 220
2025-02-12 16:18:25,080 INFO success: laravel-worker_01 entered RUNNING state, process has stayed up for > than 1 seconds (startsecs)
2025-02-12 16:18:25,081 WARN exited: laravel-worker_01 (exit status 1; not expected)
2025-02-12 16:18:26,090 INFO spawned: 'laravel-worker_01' with pid 225
2025-02-12 16:18:26,092 WARN received SIGQUIT indicating exit request
2025-02-12 16:18:26,093 INFO waiting for laravel-worker_01, php-fpm to die
2025-02-12 16:18:26,104 INFO stopped: php-fpm (exit status 0)
2025-02-12 16:18:26,106 WARN stopped: laravel-worker_01 (terminated by SIGTERM)
2025-02-12 16:18:29,586 CRIT Supervisor is running as root.  Privileges were not dropped because no user is specified in the config file.  If you intend to run as root, you can set user=root in the config file to avoid this message.
2025-02-12 16:18:29,587 INFO supervisord started with pid 1
2025-02-12 16:18:30,589 INFO spawned: 'laravel-worker_00' with pid 6
2025-02-12 16:18:30,591 INFO spawned: 'laravel-worker_01' with pid 7
2025-02-12 16:18:30,593 INFO spawned: 'laravel-worker_02' with pid 8
2025-02-12 16:18:30,595 INFO spawned: 'laravel-worker_03' with pid 9
2025-02-12 16:18:30,597 INFO spawned: 'php-fpm' with pid 10
2025-02-12 16:18:31,300 WARN exited: laravel-worker_00 (exit status 1; not expected)
2025-02-12 16:18:31,301 WARN exited: laravel-worker_01 (exit status 1; not expected)
2025-02-12 16:18:31,301 WARN exited: laravel-worker_02 (exit status 1; not expected)
2025-02-12 16:18:31,302 WARN exited: laravel-worker_03 (exit status 1; not expected)
2025-02-12 16:18:32,312 INFO spawned: 'laravel-worker_00' with pid 29
2025-02-12 16:18:32,316 INFO spawned: 'laravel-worker_01' with pid 30
2025-02-12 16:18:32,319 INFO spawned: 'laravel-worker_02' with pid 31
2025-02-12 16:18:32,322 INFO spawned: 'laravel-worker_03' with pid 32
2025-02-12 16:18:32,323 INFO success: php-fpm entered RUNNING state, process has stayed up for > than 1 seconds (startsecs)
2025-02-12 16:18:32,656 WARN exited: laravel-worker_01 (exit status 1; not expected)
2025-02-12 16:18:32,657 WARN exited: laravel-worker_00 (exit status 1; not expected)
2025-02-12 16:18:32,657 WARN exited: laravel-worker_02 (exit status 1; not expected)
2025-02-12 16:18:32,658 WARN exited: laravel-worker_03 (exit status 1; not expected)
2025-02-12 16:18:34,670 INFO spawned: 'laravel-worker_00' with pid 49
2025-02-12 16:18:34,673 INFO spawned: 'laravel-worker_01' with pid 50
2025-02-12 16:18:34,675 INFO spawned: 'laravel-worker_02' with pid 51
2025-02-12 16:18:34,678 INFO spawned: 'laravel-worker_03' with pid 52
2025-02-12 16:18:35,012 WARN exited: laravel-worker_00 (exit status 1; not expected)
2025-02-12 16:18:35,015 WARN exited: laravel-worker_01 (exit status 1; not expected)
2025-02-12 16:18:35,016 WARN exited: laravel-worker_02 (exit status 1; not expected)
2025-02-12 16:18:35,017 WARN exited: laravel-worker_03 (exit status 1; not expected)
2025-02-12 16:18:38,027 INFO spawned: 'laravel-worker_00' with pid 69
2025-02-12 16:18:38,031 INFO spawned: 'laravel-worker_01' with pid 70
2025-02-12 16:18:38,034 INFO spawned: 'laravel-worker_02' with pid 71
2025-02-12 16:18:38,036 INFO spawned: 'laravel-worker_03' with pid 72
2025-02-12 16:18:38,364 WARN exited: laravel-worker_00 (exit status 1; not expected)
2025-02-12 16:18:38,364 WARN exited: laravel-worker_03 (exit status 1; not expected)
2025-02-12 16:18:38,364 INFO gave up: laravel-worker_00 entered FATAL state, too many start retries too quickly
2025-02-12 16:18:38,364 INFO gave up: laravel-worker_03 entered FATAL state, too many start retries too quickly
2025-02-12 16:18:38,367 WARN exited: laravel-worker_02 (exit status 1; not expected)
2025-02-12 16:18:38,369 INFO gave up: laravel-worker_02 entered FATAL state, too many start retries too quickly
2025-02-12 16:18:38,369 WARN exited: laravel-worker_01 (exit status 1; not expected)
2025-02-12 16:18:39,374 INFO gave up: laravel-worker_01 entered FATAL state, too many start retries too quickly
2025-02-12 17:53:36,593 WARN received SIGQUIT indicating exit request
2025-02-12 17:53:36,595 INFO waiting for php-fpm to die
2025-02-12 17:53:36,609 INFO stopped: php-fpm (exit status 0)
2025-02-12 17:53:40,411 CRIT Supervisor is running as root.  Privileges were not dropped because no user is specified in the config file.  If you intend to run as root, you can set user=root in the config file to avoid this message.
2025-02-12 17:53:40,413 INFO supervisord started with pid 1
2025-02-12 17:53:41,415 INFO spawned: 'laravel-worker_00' with pid 7
2025-02-12 17:53:41,417 INFO spawned: 'laravel-worker_01' with pid 8
2025-02-12 17:53:41,418 INFO spawned: 'laravel-worker_02' with pid 9
2025-02-12 17:53:41,420 INFO spawned: 'laravel-worker_03' with pid 10
2025-02-12 17:53:41,421 INFO spawned: 'php-fpm' with pid 11
2025-02-12 17:53:42,444 INFO success: laravel-worker_00 entered RUNNING state, process has stayed up for > than 1 seconds (startsecs)
2025-02-12 17:53:42,445 INFO success: laravel-worker_01 entered RUNNING state, process has stayed up for > than 1 seconds (startsecs)
2025-02-12 17:53:42,445 INFO success: laravel-worker_02 entered RUNNING state, process has stayed up for > than 1 seconds (startsecs)
2025-02-12 17:53:42,446 INFO success: laravel-worker_03 entered RUNNING state, process has stayed up for > than 1 seconds (startsecs)
2025-02-12 17:53:42,446 INFO success: php-fpm entered RUNNING state, process has stayed up for > than 1 seconds (startsecs)
2025-02-12 18:31:20,930 WARN received SIGQUIT indicating exit request
2025-02-12 18:31:20,933 INFO waiting for laravel-worker_00, laravel-worker_01, laravel-worker_02, laravel-worker_03, php-fpm to die
2025-02-12 18:31:20,949 INFO stopped: php-fpm (exit status 0)
2025-02-12 18:31:21,006 INFO stopped: laravel-worker_03 (exit status 0)
2025-02-12 18:31:21,006 INFO stopped: laravel-worker_02 (exit status 0)
2025-02-12 18:31:21,006 INFO stopped: laravel-worker_01 (exit status 0)
2025-02-12 18:31:21,007 INFO stopped: laravel-worker_00 (exit status 0)
2025-02-12 18:31:24,834 CRIT Supervisor is running as root.  Privileges were not dropped because no user is specified in the config file.  If you intend to run as root, you can set user=root in the config file to avoid this message.
2025-02-12 18:31:24,835 INFO supervisord started with pid 1
2025-02-12 18:31:25,838 INFO spawned: 'laravel-worker_00' with pid 7
2025-02-12 18:31:25,841 INFO spawned: 'laravel-worker_01' with pid 8
2025-02-12 18:31:25,843 INFO spawned: 'laravel-worker_02' with pid 9
2025-02-12 18:31:25,845 INFO spawned: 'laravel-worker_03' with pid 10
2025-02-12 18:31:25,849 INFO spawned: 'php-fpm' with pid 11
2025-02-12 18:31:26,580 WARN exited: laravel-worker_00 (exit status 1; not expected)
2025-02-12 18:31:26,580 WARN exited: laravel-worker_03 (exit status 1; not expected)
2025-02-12 18:31:26,581 WARN exited: laravel-worker_02 (exit status 1; not expected)
2025-02-12 18:31:26,583 WARN exited: laravel-worker_01 (exit status 1; not expected)
2025-02-12 18:31:27,586 INFO spawned: 'laravel-worker_00' with pid 30
2025-02-12 18:31:27,588 INFO spawned: 'laravel-worker_01' with pid 31
2025-02-12 18:31:27,590 INFO spawned: 'laravel-worker_02' with pid 32
2025-02-12 18:31:27,592 INFO spawned: 'laravel-worker_03' with pid 33
2025-02-12 18:31:27,593 INFO success: php-fpm entered RUNNING state, process has stayed up for > than 1 seconds (startsecs)
2025-02-12 18:31:28,023 WARN exited: laravel-worker_01 (exit status 1; not expected)
2025-02-12 18:31:28,023 WARN exited: laravel-worker_00 (exit status 1; not expected)
2025-02-12 18:31:28,025 WARN exited: laravel-worker_02 (exit status 1; not expected)
2025-02-12 18:31:28,039 WARN exited: laravel-worker_03 (exit status 1; not expected)
2025-02-12 18:31:30,045 INFO spawned: 'laravel-worker_00' with pid 50
2025-02-12 18:31:30,047 INFO spawned: 'laravel-worker_01' with pid 51
2025-02-12 18:31:30,049 INFO spawned: 'laravel-worker_02' with pid 52
2025-02-12 18:31:30,052 INFO spawned: 'laravel-worker_03' with pid 53
2025-02-12 18:31:30,474 WARN exited: laravel-worker_00 (exit status 1; not expected)
2025-02-12 18:31:30,475 WARN exited: laravel-worker_02 (exit status 1; not expected)
2025-02-12 18:31:30,480 WARN exited: laravel-worker_01 (exit status 1; not expected)
2025-02-12 18:31:30,493 WARN exited: laravel-worker_03 (exit status 1; not expected)
2025-02-12 18:31:33,502 INFO spawned: 'laravel-worker_00' with pid 70
2025-02-12 18:31:33,504 INFO spawned: 'laravel-worker_01' with pid 71
2025-02-12 18:31:33,506 INFO spawned: 'laravel-worker_02' with pid 72
2025-02-12 18:31:33,508 INFO spawned: 'laravel-worker_03' with pid 73
2025-02-12 18:31:33,945 WARN exited: laravel-worker_00 (exit status 1; not expected)
2025-02-12 18:31:33,947 INFO gave up: laravel-worker_00 entered FATAL state, too many start retries too quickly
2025-02-12 18:31:33,948 WARN exited: laravel-worker_02 (exit status 1; not expected)
2025-02-12 18:31:33,951 INFO gave up: laravel-worker_02 entered FATAL state, too many start retries too quickly
2025-02-12 18:31:33,956 WARN exited: laravel-worker_01 (exit status 1; not expected)
2025-02-12 18:31:33,957 WARN exited: laravel-worker_03 (exit status 1; not expected)
2025-02-12 18:31:34,959 INFO gave up: laravel-worker_01 entered FATAL state, too many start retries too quickly
2025-02-12 18:31:34,961 INFO gave up: laravel-worker_03 entered FATAL state, too many start retries too quickly
2025-02-12 19:20:12,848 WARN received SIGQUIT indicating exit request
2025-02-12 19:20:12,851 INFO waiting for php-fpm to die
2025-02-12 19:20:13,871 INFO stopped: php-fpm (exit status 0)
2025-02-12 19:20:17,611 CRIT Supervisor is running as root.  Privileges were not dropped because no user is specified in the config file.  If you intend to run as root, you can set user=root in the config file to avoid this message.
2025-02-12 19:20:17,612 INFO supervisord started with pid 1
2025-02-12 19:20:18,615 INFO spawned: 'laravel-serve' with pid 7
2025-02-12 19:20:18,618 INFO spawned: 'laravel-worker_00' with pid 8
2025-02-12 19:20:18,620 INFO spawned: 'laravel-worker_01' with pid 9
2025-02-12 19:20:18,627 INFO spawned: 'laravel-worker_02' with pid 10
2025-02-12 19:20:18,633 INFO spawned: 'laravel-worker_03' with pid 11
2025-02-12 19:20:18,638 INFO spawned: 'php-fpm' with pid 12
2025-02-12 19:20:19,263 WARN exited: laravel-serve (exit status 1; not expected)
2025-02-12 19:20:19,266 WARN exited: laravel-worker_00 (exit status 1; not expected)
2025-02-12 19:20:19,266 WARN exited: laravel-worker_02 (exit status 1; not expected)
2025-02-12 19:20:19,266 WARN exited: laravel-worker_03 (exit status 1; not expected)
2025-02-12 19:20:19,266 WARN exited: laravel-worker_01 (exit status 1; not expected)
2025-02-12 19:20:20,270 INFO spawned: 'laravel-serve' with pid 15
2025-02-12 19:20:20,271 INFO spawned: 'laravel-worker_00' with pid 16
2025-02-12 19:20:20,272 INFO spawned: 'laravel-worker_01' with pid 17
2025-02-12 19:20:20,274 INFO spawned: 'laravel-worker_02' with pid 18
2025-02-12 19:20:20,276 INFO spawned: 'laravel-worker_03' with pid 19
2025-02-12 19:20:20,277 INFO success: php-fpm entered RUNNING state, process has stayed up for > than 1 seconds (startsecs)
2025-02-12 19:20:20,557 WARN exited: laravel-serve (exit status 1; not expected)
2025-02-12 19:20:20,558 WARN exited: laravel-worker_00 (exit status 1; not expected)
2025-02-12 19:20:20,559 WARN exited: laravel-worker_03 (exit status 1; not expected)
2025-02-12 19:20:20,562 WARN exited: laravel-worker_02 (exit status 1; not expected)
2025-02-12 19:20:20,563 WARN exited: laravel-worker_01 (exit status 1; not expected)
2025-02-12 19:20:22,570 INFO spawned: 'laravel-serve' with pid 20
2025-02-12 19:20:22,574 INFO spawned: 'laravel-worker_00' with pid 21
2025-02-12 19:20:22,578 INFO spawned: 'laravel-worker_01' with pid 22
2025-02-12 19:20:22,580 INFO spawned: 'laravel-worker_02' with pid 23
2025-02-12 19:20:22,582 INFO spawned: 'laravel-worker_03' with pid 24
2025-02-12 19:20:22,844 WARN exited: laravel-serve (exit status 1; not expected)
2025-02-12 19:20:22,846 WARN exited: laravel-worker_00 (exit status 1; not expected)
2025-02-12 19:20:22,848 WARN exited: laravel-worker_02 (exit status 1; not expected)
2025-02-12 19:20:22,848 WARN exited: laravel-worker_03 (exit status 1; not expected)
2025-02-12 19:20:22,849 WARN exited: laravel-worker_01 (exit status 1; not expected)
2025-02-12 19:20:25,858 INFO spawned: 'laravel-serve' with pid 25
2025-02-12 19:20:25,859 INFO spawned: 'laravel-worker_00' with pid 26
2025-02-12 19:20:25,861 INFO spawned: 'laravel-worker_01' with pid 27
2025-02-12 19:20:25,863 INFO spawned: 'laravel-worker_02' with pid 28
2025-02-12 19:20:25,864 INFO spawned: 'laravel-worker_03' with pid 29
2025-02-12 19:20:26,120 WARN exited: laravel-worker_03 (exit status 1; not expected)
2025-02-12 19:20:26,120 INFO gave up: laravel-worker_03 entered FATAL state, too many start retries too quickly
2025-02-12 19:20:26,121 WARN exited: laravel-worker_01 (exit status 1; not expected)
2025-02-12 19:20:26,121 WARN exited: laravel-worker_02 (exit status 1; not expected)
2025-02-12 19:20:26,123 INFO gave up: laravel-worker_01 entered FATAL state, too many start retries too quickly
2025-02-12 19:20:26,123 INFO gave up: laravel-worker_02 entered FATAL state, too many start retries too quickly
2025-02-12 19:20:26,124 WARN exited: laravel-serve (exit status 1; not expected)
2025-02-12 19:20:26,124 WARN exited: laravel-worker_00 (exit status 1; not expected)
2025-02-12 19:20:26,124 INFO gave up: laravel-serve entered FATAL state, too many start retries too quickly
2025-02-12 19:20:26,124 INFO gave up: laravel-worker_00 entered FATAL state, too many start retries too quickly
2025-02-12 19:33:54,530 WARN received SIGQUIT indicating exit request
2025-02-12 19:33:54,532 INFO waiting for php-fpm to die
2025-02-12 19:33:54,546 INFO stopped: php-fpm (exit status 0)
2025-02-12 19:33:59,018 CRIT Supervisor is running as root.  Privileges were not dropped because no user is specified in the config file.  If you intend to run as root, you can set user=root in the config file to avoid this message.
2025-02-12 19:33:59,021 INFO supervisord started with pid 1
2025-02-12 19:34:00,024 INFO spawned: 'laravel-serve' with pid 7
2025-02-12 19:34:00,026 INFO spawned: 'laravel-worker_00' with pid 8
2025-02-12 19:34:00,030 INFO spawned: 'laravel-worker_01' with pid 9
2025-02-12 19:34:00,035 INFO spawned: 'laravel-worker_02' with pid 10
2025-02-12 19:34:00,039 INFO spawned: 'laravel-worker_03' with pid 11
2025-02-12 19:34:00,042 INFO spawned: 'php-fpm' with pid 12
2025-02-12 19:34:01,089 INFO success: laravel-serve entered RUNNING state, process has stayed up for > than 1 seconds (startsecs)
2025-02-12 19:34:01,090 INFO success: laravel-worker_00 entered RUNNING state, process has stayed up for > than 1 seconds (startsecs)
2025-02-12 19:34:01,090 INFO success: laravel-worker_01 entered RUNNING state, process has stayed up for > than 1 seconds (startsecs)
2025-02-12 19:34:01,090 INFO success: laravel-worker_02 entered RUNNING state, process has stayed up for > than 1 seconds (startsecs)
2025-02-12 19:34:01,091 INFO success: laravel-worker_03 entered RUNNING state, process has stayed up for > than 1 seconds (startsecs)
2025-02-12 19:34:01,091 INFO success: php-fpm entered RUNNING state, process has stayed up for > than 1 seconds (startsecs)
2025-02-12 19:37:04,391 WARN exited: laravel-worker_01 (exit status 1; not expected)
2025-02-12 19:37:04,392 WARN exited: laravel-worker_00 (exit status 1; not expected)
2025-02-12 19:37:04,392 WARN exited: laravel-worker_03 (exit status 1; not expected)
2025-02-12 19:37:04,396 INFO spawned: 'laravel-worker_00' with pid 34
2025-02-12 19:37:04,399 INFO spawned: 'laravel-worker_01' with pid 35
2025-02-12 19:37:04,402 INFO spawned: 'laravel-worker_03' with pid 36
2025-02-12 19:37:04,403 WARN exited: laravel-worker_02 (exit status 1; not expected)
2025-02-12 19:37:04,842 INFO spawned: 'laravel-worker_02' with pid 49
2025-02-12 19:37:04,847 WARN exited: laravel-worker_00 (exit status 1; not expected)
2025-02-12 19:37:04,847 WARN exited: laravel-worker_01 (exit status 1; not expected)
2025-02-12 19:37:04,847 WARN exited: laravel-worker_03 (exit status 1; not expected)
2025-02-12 19:37:05,067 WARN exited: laravel-worker_02 (exit status 1; not expected)
2025-02-12 19:37:06,069 INFO spawned: 'laravel-worker_00' with pid 54
2025-02-12 19:37:06,070 INFO spawned: 'laravel-worker_01' with pid 55
2025-02-12 19:37:06,072 INFO spawned: 'laravel-worker_02' with pid 56
2025-02-12 19:37:06,073 INFO spawned: 'laravel-worker_03' with pid 57
2025-02-12 19:37:06,532 WARN exited: laravel-worker_01 (exit status 1; not expected)
2025-02-12 19:37:06,532 WARN exited: laravel-worker_00 (exit status 1; not expected)
2025-02-12 19:37:06,532 WARN exited: laravel-worker_02 (exit status 1; not expected)
2025-02-12 19:37:06,538 WARN exited: laravel-worker_03 (exit status 1; not expected)
2025-02-12 19:37:08,542 INFO spawned: 'laravel-worker_00' with pid 74
2025-02-12 19:37:08,545 INFO spawned: 'laravel-worker_01' with pid 75
2025-02-12 19:37:08,547 INFO spawned: 'laravel-worker_02' with pid 76
2025-02-12 19:37:08,549 INFO spawned: 'laravel-worker_03' with pid 77
2025-02-12 19:37:08,957 WARN exited: laravel-worker_00 (exit status 1; not expected)
2025-02-12 19:37:08,960 WARN exited: laravel-worker_02 (exit status 1; not expected)
2025-02-12 19:37:08,964 WARN exited: laravel-worker_03 (exit status 1; not expected)
2025-02-12 19:37:08,965 WARN exited: laravel-worker_01 (exit status 1; not expected)
2025-02-12 19:37:11,973 INFO spawned: 'laravel-worker_00' with pid 94
2025-02-12 19:37:11,974 INFO spawned: 'laravel-worker_01' with pid 95
2025-02-12 19:37:11,976 INFO spawned: 'laravel-worker_02' with pid 96
2025-02-12 19:37:11,977 INFO spawned: 'laravel-worker_03' with pid 97
2025-02-12 19:37:12,383 WARN exited: laravel-worker_01 (exit status 1; not expected)
2025-02-12 19:37:12,385 INFO gave up: laravel-worker_01 entered FATAL state, too many start retries too quickly
2025-02-12 19:37:12,385 WARN exited: laravel-worker_03 (exit status 1; not expected)
2025-02-12 19:37:12,385 INFO gave up: laravel-worker_03 entered FATAL state, too many start retries too quickly
2025-02-12 19:37:12,388 WARN exited: laravel-worker_02 (exit status 1; not expected)
2025-02-12 19:37:12,390 INFO gave up: laravel-worker_02 entered FATAL state, too many start retries too quickly
2025-02-12 19:37:12,390 WARN exited: laravel-worker_00 (exit status 1; not expected)
2025-02-12 19:37:13,393 INFO gave up: laravel-worker_00 entered FATAL state, too many start retries too quickly
